<?xml version="1.0" encoding="UTF-8"?>
<testng-results ignored="0" total="1" passed="1" failed="0" skipped="0">
  <reporter-output>
  </reporter-output>
  <suite started-at="2025-10-28T04:14:42 IST" name="SauceDemo Test Suite" finished-at="2025-10-28T04:14:50 IST" duration-ms="8869">
    <groups>
    </groups>
    <test started-at="2025-10-28T04:14:42 IST" name="SauceDemo Tests" finished-at="2025-10-28T04:14:50 IST" duration-ms="8869">
      <class name="com.saucedemo.automation_test.tests.LoginTest">
        <test-method is-config="true" signature="setUp()[pri:0, instance:com.saucedemo.automation_test.tests.LoginTest@10aa41f2]" started-at="2025-10-28T04:14:42 IST" name="setUp" finished-at="2025-10-28T04:14:45 IST" duration-ms="3295" status="PASS">
          <reporter-output>
          </reporter-output>
        </test-method> <!-- setUp -->
        <test-method signature="verifyValidLogin()[pri:0, instance:com.saucedemo.automation_test.tests.LoginTest@10aa41f2]" started-at="2025-10-28T04:14:45 IST" name="verifyValidLogin" finished-at="2025-10-28T04:14:50 IST" duration-ms="5157" status="PASS">
          <reporter-output>
          </reporter-output>
        </test-method> <!-- verifyValidLogin -->
        <test-method is-config="true" signature="tearDown()[pri:0, instance:com.saucedemo.automation_test.tests.LoginTest@10aa41f2]" started-at="2025-10-28T04:14:50 IST" name="tearDown" finished-at="2025-10-28T04:14:50 IST" duration-ms="358" status="PASS">
          <reporter-output>
          </reporter-output>
        </test-method> <!-- tearDown -->
      </class> <!-- com.saucedemo.automation_test.tests.LoginTest -->
    </test> <!-- SauceDemo Tests -->
  </suite> <!-- SauceDemo Test Suite -->
</testng-results>
