<?xml version="1.0" encoding="UTF-8"?>
<testng-results ignored="0" total="1" passed="1" failed="0" skipped="0">
  <reporter-output>
  </reporter-output>
  <suite started-at="2025-10-29T20:04:11 IST" name="Default suite" finished-at="2025-10-29T20:04:23 IST" duration-ms="12284">
    <groups>
    </groups>
    <test started-at="2025-10-29T20:04:11 IST" name="Default test" finished-at="2025-10-29T20:04:23 IST" duration-ms="12284">
      <class name="com.saucedemo.automation_test.tests.AddToCartTest">
        <test-method is-config="true" signature="setUp()[pri:0, instance:com.saucedemo.automation_test.tests.AddToCartTest@10aa41f2]" started-at="2025-10-29T20:04:11 IST" name="setUp" finished-at="2025-10-29T20:04:14 IST" duration-ms="3240" status="PASS">
          <reporter-output>
          </reporter-output>
        </test-method> <!-- setUp -->
        <test-method signature="verifyAddMultipleItemsToCart()[pri:0, instance:com.saucedemo.automation_test.tests.AddToCartTest@10aa41f2]" started-at="2025-10-29T20:04:14 IST" name="verifyAddMultipleItemsToCart" finished-at="2025-10-29T20:04:22 IST" duration-ms="7046" status="PASS">
          <reporter-output>
          </reporter-output>
        </test-method> <!-- verifyAddMultipleItemsToCart -->
        <test-method is-config="true" signature="tearDown()[pri:0, instance:com.saucedemo.automation_test.tests.AddToCartTest@10aa41f2]" started-at="2025-10-29T20:04:22 IST" name="tearDown" finished-at="2025-10-29T20:04:23 IST" duration-ms="1881" status="PASS">
          <reporter-output>
          </reporter-output>
        </test-method> <!-- tearDown -->
      </class> <!-- com.saucedemo.automation_test.tests.AddToCartTest -->
    </test> <!-- Default test -->
  </suite> <!-- Default suite -->
</testng-results>
